23:26:17:774  INFO 71512 --- [main] com.hmall.HMallApplication               : Starting HMallApplication using Java 17.0.15 on hello-world-ThinkPad-T14-Gen-3 with PID 71512 (/home/hello-world/Desktop/springCloud/hmall/hm-service/target/classes started by hello-world in /home/hello-world/Desktop/springCloud/hmall)
23:26:17:781 DEBUG 71512 --- [main] com.hmall.HMallApplication               : Running with Spring Boot v2.7.12, Spring v5.3.27
23:26:17:782  INFO 71512 --- [main] com.hmall.HMallApplication               : The following 1 profile is active: "local"
23:26:18:532  INFO 71512 --- [main] .s.d.r.c.RepositoryConfigurationDelegate : Multiple Spring Data modules found, entering strict repository configuration mode
23:26:18:534  INFO 71512 --- [main] .s.d.r.c.RepositoryConfigurationDelegate : Bootstrapping Spring Data Redis repositories in DEFAULT mode.
23:26:18:556  INFO 71512 --- [main] .s.d.r.c.RepositoryConfigurationDelegate : Finished Spring Data repository scanning in 9 ms. Found 0 Redis repository interfaces.
23:26:19:040  INFO 71512 --- [main] o.s.b.w.embedded.tomcat.TomcatWebServer  : Tomcat initialized with port(s): 8080 (http)
23:26:19:047  INFO 71512 --- [main] o.apache.catalina.core.StandardService   : Starting service [Tomcat]
23:26:19:048  INFO 71512 --- [main] org.apache.catalina.core.StandardEngine  : Starting Servlet engine: [Apache Tomcat/9.0.75]
23:26:19:131  INFO 71512 --- [main] o.a.c.c.C.[Tomcat].[localhost].[/]       : Initializing Spring embedded WebApplicationContext
23:26:19:131  INFO 71512 --- [main] w.s.c.ServletWebServerApplicationContext : Root WebApplicationContext: initialization completed in 1269 ms
23:26:21:502  INFO 71512 --- [main] pertySourcedRequestMappingHandlerMapping : Mapped URL path [/v2/api-docs] onto method [springfox.documentation.swagger2.web.Swagger2ControllerWebMvc#getDocumentation(String, HttpServletRequest)]
23:26:22:028  INFO 71512 --- [main] o.s.b.w.embedded.tomcat.TomcatWebServer  : Tomcat started on port(s): 8080 (http) with context path ''
23:26:22:030  INFO 71512 --- [main] d.s.w.p.DocumentationPluginsBootstrapper : Documentation plugins bootstrapped
23:26:22:035  INFO 71512 --- [main] d.s.w.p.DocumentationPluginsBootstrapper : Found 1 custom documentation plugin(s)
23:26:22:080  INFO 71512 --- [main] s.d.s.w.s.ApiListingReferenceScanner     : Scanning for api listing references
23:26:22:405  INFO 71512 --- [main] com.hmall.HMallApplication               : Started HMallApplication in 5.071 seconds (JVM running for 5.328)
23:27:15:198  INFO 71512 --- [http-nio-8080-exec-1] o.a.c.c.C.[Tomcat].[localhost].[/]       : Initializing Spring DispatcherServlet 'dispatcherServlet'
23:27:15:198  INFO 71512 --- [http-nio-8080-exec-1] o.s.web.servlet.DispatcherServlet        : Initializing Servlet 'dispatcherServlet'
23:27:15:199  INFO 71512 --- [http-nio-8080-exec-1] o.s.web.servlet.DispatcherServlet        : Completed initialization in 1 ms
