15:23:11:094  INFO 21648 --- [main] com.hmall.cart.CartApplication           : Starting CartApplication using Java 17.0.15 on hello-world-ThinkPad-T14-Gen-3 with PID 21648 (/home/hello-world/Desktop/springCloud/hmall/cart-service/target/classes started by hello-world in /home/hello-world/Desktop/springCloud/hmall)
15:23:11:097 DEBUG 21648 --- [main] com.hmall.cart.CartApplication           : Running with Spring Boot v2.7.12, Spring v5.3.27
15:23:11:098  INFO 21648 --- [main] com.hmall.cart.CartApplication           : The following 1 profile is active: "local"
15:23:11:782  INFO 21648 --- [main] o.s.cloud.context.scope.GenericScope     : BeanFactory id=61e25896-e3f3-3a17-8b83-df681908759e
15:23:12:051  INFO 21648 --- [main] o.s.b.w.embedded.tomcat.TomcatWebServer  : Tomcat initialized with port(s): 8082 (http)
15:23:12:058  INFO 21648 --- [main] o.apache.catalina.core.StandardService   : Starting service [Tomcat]
15:23:12:058  INFO 21648 --- [main] org.apache.catalina.core.StandardEngine  : Starting Servlet engine: [Apache Tomcat/9.0.75]
15:23:12:128  INFO 21648 --- [main] o.a.c.c.C.[Tomcat].[localhost].[/]       : Initializing Spring embedded WebApplicationContext
15:23:12:128  INFO 21648 --- [main] w.s.c.ServletWebServerApplicationContext : Root WebApplicationContext: initialization completed in 994 ms
15:23:12:245  INFO 21648 --- [main] o.s.c.openfeign.FeignClientFactoryBean   : For 'item-service' URL not provided. Will try picking an instance via load-balancing.
15:23:12:911  INFO 21648 --- [main] pertySourcedRequestMappingHandlerMapping : Mapped URL path [/v2/api-docs] onto method [springfox.documentation.swagger2.web.Swagger2ControllerWebMvc#getDocumentation(String, HttpServletRequest)]
15:23:13:041  INFO 21648 --- [main] com.alibaba.nacos.common.remote.client   : [RpcClientFactory] create a new rpc client of 5f1febc8-4a4e-4895-82f2-6f543009385b
15:23:13:073  INFO 21648 --- [main] org.reflections.Reflections              : Reflections took 18 ms to scan 1 urls, producing 3 keys and 6 values 
15:23:13:087  INFO 21648 --- [main] org.reflections.Reflections              : Reflections took 7 ms to scan 1 urls, producing 4 keys and 9 values 
15:23:13:095  INFO 21648 --- [main] org.reflections.Reflections              : Reflections took 6 ms to scan 1 urls, producing 3 keys and 10 values 
15:23:13:096  WARN 21648 --- [main] org.reflections.Reflections              : given scan urls are empty. set urls in the configuration
15:23:13:105  INFO 21648 --- [main] org.reflections.Reflections              : Reflections took 9 ms to scan 1 urls, producing 1 keys and 5 values 
15:23:13:113  INFO 21648 --- [main] org.reflections.Reflections              : Reflections took 7 ms to scan 1 urls, producing 1 keys and 7 values 
15:23:13:120  INFO 21648 --- [main] org.reflections.Reflections              : Reflections took 6 ms to scan 1 urls, producing 2 keys and 8 values 
15:23:13:121  WARN 21648 --- [main] org.reflections.Reflections              : given scan urls are empty. set urls in the configuration
15:23:13:122  INFO 21648 --- [main] com.alibaba.nacos.common.remote.client   : [5f1febc8-4a4e-4895-82f2-6f543009385b] RpcClient init label, labels = {module=naming, source=sdk}
15:23:13:123  INFO 21648 --- [main] com.alibaba.nacos.common.remote.client   : [5f1febc8-4a4e-4895-82f2-6f543009385b] RpcClient init, ServerListFactory = com.alibaba.nacos.client.naming.core.ServerListManager
15:23:13:123  INFO 21648 --- [main] com.alibaba.nacos.common.remote.client   : [5f1febc8-4a4e-4895-82f2-6f543009385b] Registry connection listener to current client:com.alibaba.nacos.client.naming.remote.gprc.redo.NamingGrpcRedoService
15:23:13:123  INFO 21648 --- [main] com.alibaba.nacos.common.remote.client   : [5f1febc8-4a4e-4895-82f2-6f543009385b] Register server push request handler:com.alibaba.nacos.client.naming.remote.gprc.NamingPushRequestHandler
15:23:13:124  INFO 21648 --- [main] com.alibaba.nacos.common.remote.client   : [5f1febc8-4a4e-4895-82f2-6f543009385b] Try to connect to server on start up, server: {serverIp = '127.0.0.1', server main port = 8848}
15:23:13:532  INFO 21648 --- [main] com.alibaba.nacos.common.remote.client   : [5f1febc8-4a4e-4895-82f2-6f543009385b] Success to connect to server [127.0.0.1:8848] on start up, connectionId = 1748244193372_172.21.0.1_57140
15:23:13:533  INFO 21648 --- [com.alibaba.nacos.client.remote.worker] com.alibaba.nacos.common.remote.client   : [5f1febc8-4a4e-4895-82f2-6f543009385b] Notify connected event to listeners.
15:23:13:534  INFO 21648 --- [main] com.alibaba.nacos.common.remote.client   : [5f1febc8-4a4e-4895-82f2-6f543009385b] Register server push request handler:com.alibaba.nacos.common.remote.client.RpcClient$ConnectResetRequestHandler
15:23:13:534  INFO 21648 --- [main] com.alibaba.nacos.common.remote.client   : [5f1febc8-4a4e-4895-82f2-6f543009385b] Register server push request handler:com.alibaba.nacos.common.remote.client.RpcClient$$Lambda$943/0x00007fc8d47859b0
15:23:13:579  INFO 21648 --- [main] o.s.b.w.embedded.tomcat.TomcatWebServer  : Tomcat started on port(s): 8082 (http) with context path ''
15:23:13:590  INFO 21648 --- [main] c.a.c.n.registry.NacosServiceRegistry    : nacos registry, DEFAULT_GROUP cart-service 192.168.0.140:8082 register finished
15:23:13:597  INFO 21648 --- [main] d.s.w.p.DocumentationPluginsBootstrapper : Documentation plugins bootstrapped
15:23:13:600  INFO 21648 --- [main] d.s.w.p.DocumentationPluginsBootstrapper : Found 1 custom documentation plugin(s)
15:23:13:615  INFO 21648 --- [main] s.d.s.w.s.ApiListingReferenceScanner     : Scanning for api listing references
15:23:13:677  INFO 21648 --- [main] com.hmall.cart.CartApplication           : Started CartApplication in 3.042 seconds (JVM running for 3.307)
15:23:14:128  INFO 21648 --- [nacos-grpc-client-executor-10] com.alibaba.nacos.common.remote.client   : [5f1febc8-4a4e-4895-82f2-6f543009385b] Receive server push request, request = NotifySubscriberRequest, requestId = 3
15:23:14:131  INFO 21648 --- [nacos-grpc-client-executor-10] com.alibaba.nacos.common.remote.client   : [5f1febc8-4a4e-4895-82f2-6f543009385b] Ack server push request, request = NotifySubscriberRequest, requestId = 3
18:25:59:629  INFO 21648 --- [http-nio-8082-exec-1] o.a.c.c.C.[Tomcat].[localhost].[/]       : Initializing Spring DispatcherServlet 'dispatcherServlet'
18:25:59:634  INFO 21648 --- [http-nio-8082-exec-1] o.s.web.servlet.DispatcherServlet        : Initializing Servlet 'dispatcherServlet'
18:25:59:683  INFO 21648 --- [http-nio-8082-exec-1] o.s.web.servlet.DispatcherServlet        : Completed initialization in 49 ms
18:25:59:921  INFO 21648 --- [http-nio-8082-exec-1] com.zaxxer.hikari.HikariDataSource       : HikariPool-1 - Starting...
18:26:00:231  INFO 21648 --- [http-nio-8082-exec-1] com.zaxxer.hikari.HikariDataSource       : HikariPool-1 - Start completed.
18:26:00:241 DEBUG 21648 --- [http-nio-8082-exec-1] c.h.cart.mapper.CartMapper.selectList    : ==>  Preparing: SELECT id,user_id,item_id,num,name,spec,price,image,create_time,update_time FROM cart WHERE (user_id = ?)
18:26:00:264 DEBUG 21648 --- [http-nio-8082-exec-1] c.h.cart.mapper.CartMapper.selectList    : ==> Parameters: 1(Long)
18:26:00:324 DEBUG 21648 --- [http-nio-8082-exec-1] c.h.cart.mapper.CartMapper.selectList    : <==      Total: 1
18:26:01:226  INFO 21648 --- [nacos-grpc-client-executor-2483] com.alibaba.nacos.common.remote.client   : [5f1febc8-4a4e-4895-82f2-6f543009385b] Receive server push request, request = NotifySubscriberRequest, requestId = 49
18:26:01:226  INFO 21648 --- [nacos-grpc-client-executor-2483] com.alibaba.nacos.common.remote.client   : [5f1febc8-4a4e-4895-82f2-6f543009385b] Ack server push request, request = NotifySubscriberRequest, requestId = 49
18:26:35:526 DEBUG 21648 --- [http-nio-8082-exec-2] c.h.cart.mapper.CartMapper.selectList    : ==>  Preparing: SELECT id,user_id,item_id,num,name,spec,price,image,create_time,update_time FROM cart WHERE (user_id = ?)
18:26:35:528 DEBUG 21648 --- [http-nio-8082-exec-2] c.h.cart.mapper.CartMapper.selectList    : ==> Parameters: 1(Long)
18:26:35:532 DEBUG 21648 --- [http-nio-8082-exec-2] c.h.cart.mapper.CartMapper.selectList    : <==      Total: 1
18:26:36:451 DEBUG 21648 --- [http-nio-8082-exec-3] c.h.cart.mapper.CartMapper.selectList    : ==>  Preparing: SELECT id,user_id,item_id,num,name,spec,price,image,create_time,update_time FROM cart WHERE (user_id = ?)
18:26:36:451 DEBUG 21648 --- [http-nio-8082-exec-3] c.h.cart.mapper.CartMapper.selectList    : ==> Parameters: 1(Long)
18:26:36:454 DEBUG 21648 --- [http-nio-8082-exec-3] c.h.cart.mapper.CartMapper.selectList    : <==      Total: 1
18:30:56:911 DEBUG 21648 --- [http-nio-8082-exec-5] c.h.cart.mapper.CartMapper.selectList    : ==>  Preparing: SELECT id,user_id,item_id,num,name,spec,price,image,create_time,update_time FROM cart WHERE (user_id = ?)
18:30:56:912 DEBUG 21648 --- [http-nio-8082-exec-5] c.h.cart.mapper.CartMapper.selectList    : ==> Parameters: 1(Long)
18:30:56:913 DEBUG 21648 --- [http-nio-8082-exec-5] c.h.cart.mapper.CartMapper.selectList    : <==      Total: 1
19:25:41:150  WARN 21648 --- [Thread-4] c.a.nacos.common.notify.NotifyCenter     : [NotifyCenter] Start destroying Publisher
19:25:41:151  WARN 21648 --- [Thread-7] c.a.n.common.http.HttpClientBeanHolder   : [HttpClientBeanHolder] Start destroying common HttpClient
19:25:41:159  WARN 21648 --- [Thread-4] c.a.nacos.common.notify.NotifyCenter     : [NotifyCenter] Destruction of the end
19:25:41:162  WARN 21648 --- [Thread-7] c.a.n.common.http.HttpClientBeanHolder   : [HttpClientBeanHolder] Destruction of the end
19:25:41:278  INFO 21648 --- [SpringApplicationShutdownHook] c.a.c.n.registry.NacosServiceRegistry    : De-registering from Nacos Server now...
19:25:41:285  INFO 21648 --- [SpringApplicationShutdownHook] c.a.c.n.registry.NacosServiceRegistry    : De-registration finished.
19:25:41:591  INFO 21648 --- [SpringApplicationShutdownHook] com.alibaba.nacos.common.remote.client   : Shutdown rpc client, set status to shutdown
19:25:41:591  INFO 21648 --- [SpringApplicationShutdownHook] com.alibaba.nacos.common.remote.client   : Shutdown client event executor java.util.concurrent.ScheduledThreadPoolExecutor@5421b90d[Running, pool size = 2, active threads = 2, queued tasks = 0, completed tasks = 0]
19:25:41:591  INFO 21648 --- [SpringApplicationShutdownHook] com.alibaba.nacos.common.remote.client   : Close current connection 1748244193372_172.21.0.1_57140
19:25:41:605  INFO 21648 --- [nacos-grpc-client-executor-3244] c.a.n.c.remote.client.grpc.GrpcClient    : [1748244193372_172.21.0.1_57140]Ignore complete event,isRunning:false,isAbandon=false
19:25:41:630  INFO 21648 --- [SpringApplicationShutdownHook] c.a.n.c.remote.client.grpc.GrpcClient    : Shutdown grpc executor java.util.concurrent.ThreadPoolExecutor@1615f2b3[Running, pool size = 5, active threads = 0, queued tasks = 0, completed tasks = 3245]
19:25:41:639  INFO 21648 --- [SpringApplicationShutdownHook] com.zaxxer.hikari.HikariDataSource       : HikariPool-1 - Shutdown initiated...
19:25:41:651  INFO 21648 --- [SpringApplicationShutdownHook] com.zaxxer.hikari.HikariDataSource       : HikariPool-1 - Shutdown completed.
19:25:46:028  INFO 65636 --- [main] com.hmall.cart.CartApplication           : Starting CartApplication using Java 17.0.15 on hello-world-ThinkPad-T14-Gen-3 with PID 65636 (/home/hello-world/Desktop/springCloud/hmall/cart-service/target/classes started by hello-world in /home/hello-world/Desktop/springCloud/hmall)
19:25:46:029 DEBUG 65636 --- [main] com.hmall.cart.CartApplication           : Running with Spring Boot v2.7.12, Spring v5.3.27
19:25:46:030  INFO 65636 --- [main] com.hmall.cart.CartApplication           : The following 1 profile is active: "local"
19:25:46:850  INFO 65636 --- [main] o.s.cloud.context.scope.GenericScope     : BeanFactory id=61e25896-e3f3-3a17-8b83-df681908759e
19:25:47:270  INFO 65636 --- [main] o.s.b.w.embedded.tomcat.TomcatWebServer  : Tomcat initialized with port(s): 8082 (http)
19:25:47:276  INFO 65636 --- [main] o.apache.catalina.core.StandardService   : Starting service [Tomcat]
19:25:47:276  INFO 65636 --- [main] org.apache.catalina.core.StandardEngine  : Starting Servlet engine: [Apache Tomcat/9.0.75]
19:25:47:346  INFO 65636 --- [main] o.a.c.c.C.[Tomcat].[localhost].[/]       : Initializing Spring embedded WebApplicationContext
19:25:47:346  INFO 65636 --- [main] w.s.c.ServletWebServerApplicationContext : Root WebApplicationContext: initialization completed in 1283 ms
19:25:47:489  INFO 65636 --- [main] o.s.c.openfeign.FeignClientFactoryBean   : For 'item-service' URL not provided. Will try picking an instance via load-balancing.
19:25:48:308  INFO 65636 --- [main] pertySourcedRequestMappingHandlerMapping : Mapped URL path [/v2/api-docs] onto method [springfox.documentation.swagger2.web.Swagger2ControllerWebMvc#getDocumentation(String, HttpServletRequest)]
19:25:48:502  INFO 65636 --- [main] com.alibaba.nacos.common.remote.client   : [RpcClientFactory] create a new rpc client of e17da411-870f-4ff5-befe-b14896a346eb
19:25:48:555  INFO 65636 --- [main] org.reflections.Reflections              : Reflections took 27 ms to scan 1 urls, producing 3 keys and 6 values 
19:25:48:572  INFO 65636 --- [main] org.reflections.Reflections              : Reflections took 7 ms to scan 1 urls, producing 4 keys and 9 values 
19:25:48:580  INFO 65636 --- [main] org.reflections.Reflections              : Reflections took 7 ms to scan 1 urls, producing 3 keys and 10 values 
19:25:48:582  WARN 65636 --- [main] org.reflections.Reflections              : given scan urls are empty. set urls in the configuration
19:25:48:588  INFO 65636 --- [main] org.reflections.Reflections              : Reflections took 6 ms to scan 1 urls, producing 1 keys and 5 values 
19:25:48:597  INFO 65636 --- [main] org.reflections.Reflections              : Reflections took 7 ms to scan 1 urls, producing 1 keys and 7 values 
19:25:48:605  INFO 65636 --- [main] org.reflections.Reflections              : Reflections took 7 ms to scan 1 urls, producing 2 keys and 8 values 
19:25:48:606  WARN 65636 --- [main] org.reflections.Reflections              : given scan urls are empty. set urls in the configuration
19:25:48:608  INFO 65636 --- [main] com.alibaba.nacos.common.remote.client   : [e17da411-870f-4ff5-befe-b14896a346eb] RpcClient init label, labels = {module=naming, source=sdk}
19:25:48:609  INFO 65636 --- [main] com.alibaba.nacos.common.remote.client   : [e17da411-870f-4ff5-befe-b14896a346eb] RpcClient init, ServerListFactory = com.alibaba.nacos.client.naming.core.ServerListManager
19:25:48:613  INFO 65636 --- [main] com.alibaba.nacos.common.remote.client   : [e17da411-870f-4ff5-befe-b14896a346eb] Registry connection listener to current client:com.alibaba.nacos.client.naming.remote.gprc.redo.NamingGrpcRedoService
19:25:48:614  INFO 65636 --- [main] com.alibaba.nacos.common.remote.client   : [e17da411-870f-4ff5-befe-b14896a346eb] Register server push request handler:com.alibaba.nacos.client.naming.remote.gprc.NamingPushRequestHandler
19:25:48:615  INFO 65636 --- [main] com.alibaba.nacos.common.remote.client   : [e17da411-870f-4ff5-befe-b14896a346eb] Try to connect to server on start up, server: {serverIp = '127.0.0.1', server main port = 8848}
19:25:49:125  INFO 65636 --- [main] com.alibaba.nacos.common.remote.client   : [e17da411-870f-4ff5-befe-b14896a346eb] Success to connect to server [127.0.0.1:8848] on start up, connectionId = 1748258748951_172.21.0.1_59554
19:25:49:126  INFO 65636 --- [main] com.alibaba.nacos.common.remote.client   : [e17da411-870f-4ff5-befe-b14896a346eb] Register server push request handler:com.alibaba.nacos.common.remote.client.RpcClient$ConnectResetRequestHandler
19:25:49:126  INFO 65636 --- [com.alibaba.nacos.client.remote.worker] com.alibaba.nacos.common.remote.client   : [e17da411-870f-4ff5-befe-b14896a346eb] Notify connected event to listeners.
19:25:49:126  INFO 65636 --- [main] com.alibaba.nacos.common.remote.client   : [e17da411-870f-4ff5-befe-b14896a346eb] Register server push request handler:com.alibaba.nacos.common.remote.client.RpcClient$$Lambda$943/0x0000757e34788fb8
19:25:49:163  INFO 65636 --- [main] o.s.b.w.embedded.tomcat.TomcatWebServer  : Tomcat started on port(s): 8082 (http) with context path ''
19:25:49:172  INFO 65636 --- [main] c.a.c.n.registry.NacosServiceRegistry    : nacos registry, DEFAULT_GROUP cart-service 192.168.0.140:8082 register finished
19:25:49:179  INFO 65636 --- [main] d.s.w.p.DocumentationPluginsBootstrapper : Documentation plugins bootstrapped
19:25:49:181  INFO 65636 --- [main] d.s.w.p.DocumentationPluginsBootstrapper : Found 1 custom documentation plugin(s)
19:25:49:203  INFO 65636 --- [main] s.d.s.w.s.ApiListingReferenceScanner     : Scanning for api listing references
19:25:49:285  INFO 65636 --- [main] com.hmall.cart.CartApplication           : Started CartApplication in 3.68 seconds (JVM running for 3.999)
19:25:49:698  INFO 65636 --- [nacos-grpc-client-executor-11] com.alibaba.nacos.common.remote.client   : [e17da411-870f-4ff5-befe-b14896a346eb] Receive server push request, request = NotifySubscriberRequest, requestId = 52
19:25:49:700  INFO 65636 --- [nacos-grpc-client-executor-11] com.alibaba.nacos.common.remote.client   : [e17da411-870f-4ff5-befe-b14896a346eb] Ack server push request, request = NotifySubscriberRequest, requestId = 52
19:27:26:974  INFO 65636 --- [http-nio-8082-exec-1] o.a.c.c.C.[Tomcat].[localhost].[/]       : Initializing Spring DispatcherServlet 'dispatcherServlet'
19:27:26:975  INFO 65636 --- [http-nio-8082-exec-1] o.s.web.servlet.DispatcherServlet        : Initializing Servlet 'dispatcherServlet'
19:27:26:978  INFO 65636 --- [http-nio-8082-exec-1] o.s.web.servlet.DispatcherServlet        : Completed initialization in 3 ms
19:27:27:251  INFO 65636 --- [http-nio-8082-exec-1] com.zaxxer.hikari.HikariDataSource       : HikariPool-1 - Starting...
19:27:27:734  INFO 65636 --- [http-nio-8082-exec-1] com.zaxxer.hikari.HikariDataSource       : HikariPool-1 - Start completed.
19:27:27:753 DEBUG 65636 --- [http-nio-8082-exec-1] c.h.cart.mapper.CartMapper.selectList    : ==>  Preparing: SELECT id,user_id,item_id,num,name,spec,price,image,create_time,update_time FROM cart WHERE (user_id = ?)
19:27:27:807 DEBUG 65636 --- [http-nio-8082-exec-1] c.h.cart.mapper.CartMapper.selectList    : ==> Parameters: 1(Long)
19:27:27:864 DEBUG 65636 --- [http-nio-8082-exec-1] c.h.cart.mapper.CartMapper.selectList    : <==      Total: 1
19:27:28:735  INFO 65636 --- [nacos-grpc-client-executor-51] com.alibaba.nacos.common.remote.client   : [e17da411-870f-4ff5-befe-b14896a346eb] Receive server push request, request = NotifySubscriberRequest, requestId = 57
19:27:28:735  INFO 65636 --- [nacos-grpc-client-executor-51] com.alibaba.nacos.common.remote.client   : [e17da411-870f-4ff5-befe-b14896a346eb] Ack server push request, request = NotifySubscriberRequest, requestId = 57
20:42:07:398  WARN 65636 --- [Thread-4] c.a.nacos.common.notify.NotifyCenter     : [NotifyCenter] Start destroying Publisher
20:42:07:397  WARN 65636 --- [Thread-7] c.a.n.common.http.HttpClientBeanHolder   : [HttpClientBeanHolder] Start destroying common HttpClient
20:42:07:400  WARN 65636 --- [Thread-4] c.a.nacos.common.notify.NotifyCenter     : [NotifyCenter] Destruction of the end
20:42:07:402  WARN 65636 --- [Thread-7] c.a.n.common.http.HttpClientBeanHolder   : [HttpClientBeanHolder] Destruction of the end
20:42:07:431  INFO 65636 --- [SpringApplicationShutdownHook] c.a.c.n.registry.NacosServiceRegistry    : De-registering from Nacos Server now...
20:42:07:435  INFO 65636 --- [SpringApplicationShutdownHook] c.a.c.n.registry.NacosServiceRegistry    : De-registration finished.
20:42:07:739  INFO 65636 --- [SpringApplicationShutdownHook] com.alibaba.nacos.common.remote.client   : Shutdown rpc client, set status to shutdown
20:42:07:740  INFO 65636 --- [SpringApplicationShutdownHook] com.alibaba.nacos.common.remote.client   : Shutdown client event executor java.util.concurrent.ScheduledThreadPoolExecutor@2a7a5715[Running, pool size = 2, active threads = 2, queued tasks = 0, completed tasks = 0]
20:42:07:740  INFO 65636 --- [SpringApplicationShutdownHook] com.alibaba.nacos.common.remote.client   : Close current connection 1748258748951_172.21.0.1_59554
20:42:07:742  INFO 65636 --- [nacos-grpc-client-executor-1167] c.a.n.c.remote.client.grpc.GrpcClient    : [1748258748951_172.21.0.1_59554]Ignore complete event,isRunning:false,isAbandon=false
20:42:07:743  INFO 65636 --- [SpringApplicationShutdownHook] c.a.n.c.remote.client.grpc.GrpcClient    : Shutdown grpc executor java.util.concurrent.ThreadPoolExecutor@2b98ae[Running, pool size = 5, active threads = 0, queued tasks = 0, completed tasks = 1168]
20:42:07:751  INFO 65636 --- [SpringApplicationShutdownHook] com.zaxxer.hikari.HikariDataSource       : HikariPool-1 - Shutdown initiated...
20:42:07:759  INFO 65636 --- [SpringApplicationShutdownHook] com.zaxxer.hikari.HikariDataSource       : HikariPool-1 - Shutdown completed.
20:42:11:555  INFO 78953 --- [main] com.hmall.cart.CartApplication           : Starting CartApplication using Java 17.0.15 on hello-world-ThinkPad-T14-Gen-3 with PID 78953 (/home/hello-world/Desktop/springCloud/hmall/cart-service/target/classes started by hello-world in /home/hello-world/Desktop/springCloud/hmall)
20:42:11:557 DEBUG 78953 --- [main] com.hmall.cart.CartApplication           : Running with Spring Boot v2.7.12, Spring v5.3.27
20:42:11:558  INFO 78953 --- [main] com.hmall.cart.CartApplication           : The following 1 profile is active: "local"
20:42:12:518  INFO 78953 --- [main] o.s.cloud.context.scope.GenericScope     : BeanFactory id=0be4cbcd-27ea-3aa5-81a0-b53b3ae1ee38
20:42:13:220  INFO 78953 --- [main] o.s.b.w.embedded.tomcat.TomcatWebServer  : Tomcat initialized with port(s): 8082 (http)
20:42:13:227  INFO 78953 --- [main] o.apache.catalina.core.StandardService   : Starting service [Tomcat]
20:42:13:227  INFO 78953 --- [main] org.apache.catalina.core.StandardEngine  : Starting Servlet engine: [Apache Tomcat/9.0.75]
20:42:13:331  INFO 78953 --- [main] o.a.c.c.C.[Tomcat].[localhost].[/]       : Initializing Spring embedded WebApplicationContext
20:42:13:332  INFO 78953 --- [main] w.s.c.ServletWebServerApplicationContext : Root WebApplicationContext: initialization completed in 1734 ms
20:42:13:569  INFO 78953 --- [main] o.s.c.openfeign.FeignClientFactoryBean   : For 'item-service' URL not provided. Will try picking an instance via load-balancing.
20:42:14:823  INFO 78953 --- [main] pertySourcedRequestMappingHandlerMapping : Mapped URL path [/v2/api-docs] onto method [springfox.documentation.swagger2.web.Swagger2ControllerWebMvc#getDocumentation(String, HttpServletRequest)]
20:42:15:035  INFO 78953 --- [main] com.alibaba.nacos.common.remote.client   : [RpcClientFactory] create a new rpc client of 3064b469-d14f-4e84-be9e-811e97830aa1
20:42:15:095  INFO 78953 --- [main] org.reflections.Reflections              : Reflections took 30 ms to scan 1 urls, producing 3 keys and 6 values 
20:42:15:115  INFO 78953 --- [main] org.reflections.Reflections              : Reflections took 8 ms to scan 1 urls, producing 4 keys and 9 values 
20:42:15:123  INFO 78953 --- [main] org.reflections.Reflections              : Reflections took 6 ms to scan 1 urls, producing 3 keys and 10 values 
20:42:15:127  WARN 78953 --- [main] org.reflections.Reflections              : given scan urls are empty. set urls in the configuration
20:42:15:133  INFO 78953 --- [main] org.reflections.Reflections              : Reflections took 5 ms to scan 1 urls, producing 1 keys and 5 values 
20:42:15:145  INFO 78953 --- [main] org.reflections.Reflections              : Reflections took 10 ms to scan 1 urls, producing 1 keys and 7 values 
20:42:15:155  INFO 78953 --- [main] org.reflections.Reflections              : Reflections took 8 ms to scan 1 urls, producing 2 keys and 8 values 
20:42:15:157  WARN 78953 --- [main] org.reflections.Reflections              : given scan urls are empty. set urls in the configuration
20:42:15:158  INFO 78953 --- [main] com.alibaba.nacos.common.remote.client   : [3064b469-d14f-4e84-be9e-811e97830aa1] RpcClient init label, labels = {module=naming, source=sdk}
20:42:15:160  INFO 78953 --- [main] com.alibaba.nacos.common.remote.client   : [3064b469-d14f-4e84-be9e-811e97830aa1] RpcClient init, ServerListFactory = com.alibaba.nacos.client.naming.core.ServerListManager
20:42:15:161  INFO 78953 --- [main] com.alibaba.nacos.common.remote.client   : [3064b469-d14f-4e84-be9e-811e97830aa1] Registry connection listener to current client:com.alibaba.nacos.client.naming.remote.gprc.redo.NamingGrpcRedoService
20:42:15:162  INFO 78953 --- [main] com.alibaba.nacos.common.remote.client   : [3064b469-d14f-4e84-be9e-811e97830aa1] Register server push request handler:com.alibaba.nacos.client.naming.remote.gprc.NamingPushRequestHandler
20:42:15:165  INFO 78953 --- [main] com.alibaba.nacos.common.remote.client   : [3064b469-d14f-4e84-be9e-811e97830aa1] Try to connect to server on start up, server: {serverIp = '127.0.0.1', server main port = 8848}
20:42:15:765  INFO 78953 --- [main] com.alibaba.nacos.common.remote.client   : [3064b469-d14f-4e84-be9e-811e97830aa1] Success to connect to server [127.0.0.1:8848] on start up, connectionId = 1748263335571_172.21.0.1_52764
20:42:15:767  INFO 78953 --- [com.alibaba.nacos.client.remote.worker] com.alibaba.nacos.common.remote.client   : [3064b469-d14f-4e84-be9e-811e97830aa1] Notify connected event to listeners.
20:42:15:768  INFO 78953 --- [main] com.alibaba.nacos.common.remote.client   : [3064b469-d14f-4e84-be9e-811e97830aa1] Register server push request handler:com.alibaba.nacos.common.remote.client.RpcClient$ConnectResetRequestHandler
20:42:15:768  INFO 78953 --- [main] com.alibaba.nacos.common.remote.client   : [3064b469-d14f-4e84-be9e-811e97830aa1] Register server push request handler:com.alibaba.nacos.common.remote.client.RpcClient$$Lambda$943/0x000075c8a0786dc0
20:42:15:810  INFO 78953 --- [main] o.s.b.w.embedded.tomcat.TomcatWebServer  : Tomcat started on port(s): 8082 (http) with context path ''
20:42:15:819  INFO 78953 --- [main] c.a.c.n.registry.NacosServiceRegistry    : nacos registry, DEFAULT_GROUP cart-service 192.168.0.140:8082 register finished
20:42:15:827  INFO 78953 --- [main] d.s.w.p.DocumentationPluginsBootstrapper : Documentation plugins bootstrapped
20:42:15:829  INFO 78953 --- [main] d.s.w.p.DocumentationPluginsBootstrapper : Found 1 custom documentation plugin(s)
20:42:15:848  INFO 78953 --- [main] s.d.s.w.s.ApiListingReferenceScanner     : Scanning for api listing references
20:42:15:927  INFO 78953 --- [main] com.hmall.cart.CartApplication           : Started CartApplication in 4.782 seconds (JVM running for 5.044)
20:42:16:369  INFO 78953 --- [nacos-grpc-client-executor-11] com.alibaba.nacos.common.remote.client   : [3064b469-d14f-4e84-be9e-811e97830aa1] Receive server push request, request = NotifySubscriberRequest, requestId = 59
20:42:16:371  INFO 78953 --- [nacos-grpc-client-executor-11] com.alibaba.nacos.common.remote.client   : [3064b469-d14f-4e84-be9e-811e97830aa1] Ack server push request, request = NotifySubscriberRequest, requestId = 59
20:43:02:463  INFO 78953 --- [http-nio-8082-exec-1] o.a.c.c.C.[Tomcat].[localhost].[/]       : Initializing Spring DispatcherServlet 'dispatcherServlet'
20:43:02:464  INFO 78953 --- [http-nio-8082-exec-1] o.s.web.servlet.DispatcherServlet        : Initializing Servlet 'dispatcherServlet'
20:43:02:469  INFO 78953 --- [http-nio-8082-exec-1] o.s.web.servlet.DispatcherServlet        : Completed initialization in 5 ms
20:43:02:744  INFO 78953 --- [http-nio-8082-exec-1] com.zaxxer.hikari.HikariDataSource       : HikariPool-1 - Starting...
20:43:03:184  INFO 78953 --- [http-nio-8082-exec-1] com.zaxxer.hikari.HikariDataSource       : HikariPool-1 - Start completed.
20:43:03:197 DEBUG 78953 --- [http-nio-8082-exec-1] c.h.cart.mapper.CartMapper.selectList    : ==>  Preparing: SELECT id,user_id,item_id,num,name,spec,price,image,create_time,update_time FROM cart WHERE (user_id = ?)
20:43:03:243 DEBUG 78953 --- [http-nio-8082-exec-1] c.h.cart.mapper.CartMapper.selectList    : ==> Parameters: 1(Long)
20:43:03:278 DEBUG 78953 --- [http-nio-8082-exec-1] c.h.cart.mapper.CartMapper.selectList    : <==      Total: 1
20:43:04:056  INFO 78953 --- [nacos-grpc-client-executor-31] com.alibaba.nacos.common.remote.client   : [3064b469-d14f-4e84-be9e-811e97830aa1] Receive server push request, request = NotifySubscriberRequest, requestId = 62
20:43:04:057  INFO 78953 --- [nacos-grpc-client-executor-31] com.alibaba.nacos.common.remote.client   : [3064b469-d14f-4e84-be9e-811e97830aa1] Ack server push request, request = NotifySubscriberRequest, requestId = 62
20:44:14:919 DEBUG 78953 --- [http-nio-8082-exec-3] c.h.cart.mapper.CartMapper.selectList    : ==>  Preparing: SELECT id,user_id,item_id,num,name,spec,price,image,create_time,update_time FROM cart WHERE (user_id = ?)
20:44:14:920 DEBUG 78953 --- [http-nio-8082-exec-3] c.h.cart.mapper.CartMapper.selectList    : ==> Parameters: 2(Long)
20:44:14:922 DEBUG 78953 --- [http-nio-8082-exec-3] c.h.cart.mapper.CartMapper.selectList    : <==      Total: 0
23:11:35:228  INFO 78953 --- [nacos-grpc-client-executor-1509] com.alibaba.nacos.common.remote.client   : [3064b469-d14f-4e84-be9e-811e97830aa1] Receive server push request, request = ClientDetectionRequest, requestId = 66
23:11:35:231  INFO 78953 --- [nacos-grpc-client-executor-1509] com.alibaba.nacos.common.remote.client   : [3064b469-d14f-4e84-be9e-811e97830aa1] Ack server push request, request = ClientDetectionRequest, requestId = 66
23:11:51:044  WARN 78953 --- [Thread-7] c.a.n.common.http.HttpClientBeanHolder   : [HttpClientBeanHolder] Start destroying common HttpClient
23:11:51:044  WARN 78953 --- [Thread-4] c.a.nacos.common.notify.NotifyCenter     : [NotifyCenter] Start destroying Publisher
23:11:51:045  WARN 78953 --- [Thread-4] c.a.nacos.common.notify.NotifyCenter     : [NotifyCenter] Destruction of the end
23:11:51:048  WARN 78953 --- [Thread-7] c.a.n.common.http.HttpClientBeanHolder   : [HttpClientBeanHolder] Destruction of the end
23:11:51:079  INFO 78953 --- [SpringApplicationShutdownHook] c.a.c.n.registry.NacosServiceRegistry    : De-registering from Nacos Server now...
23:11:51:086  INFO 78953 --- [SpringApplicationShutdownHook] c.a.c.n.registry.NacosServiceRegistry    : De-registration finished.
23:11:51:388  INFO 78953 --- [SpringApplicationShutdownHook] com.alibaba.nacos.common.remote.client   : Shutdown rpc client, set status to shutdown
23:11:51:388  INFO 78953 --- [SpringApplicationShutdownHook] com.alibaba.nacos.common.remote.client   : Shutdown client event executor java.util.concurrent.ScheduledThreadPoolExecutor@179f39fb[Running, pool size = 2, active threads = 2, queued tasks = 0, completed tasks = 0]
23:11:51:388  INFO 78953 --- [SpringApplicationShutdownHook] com.alibaba.nacos.common.remote.client   : Close current connection 1748263335571_172.21.0.1_52764
23:11:51:390  INFO 78953 --- [nacos-grpc-client-executor-1516] c.a.n.c.remote.client.grpc.GrpcClient    : [1748263335571_172.21.0.1_52764]Ignore complete event,isRunning:false,isAbandon=false
23:11:51:392  INFO 78953 --- [SpringApplicationShutdownHook] c.a.n.c.remote.client.grpc.GrpcClient    : Shutdown grpc executor java.util.concurrent.ThreadPoolExecutor@bf03d56[Running, pool size = 6, active threads = 0, queued tasks = 0, completed tasks = 1517]
23:11:51:396  INFO 78953 --- [SpringApplicationShutdownHook] com.zaxxer.hikari.HikariDataSource       : HikariPool-1 - Shutdown initiated...
23:11:51:400  INFO 78953 --- [SpringApplicationShutdownHook] com.zaxxer.hikari.HikariDataSource       : HikariPool-1 - Shutdown completed.
